 ⚠ You are using a non-standard "NODE_ENV" value in your environment. This creates inconsistencies in the project and is strongly advised against. Read more: https://nextjs.org/docs/messages/non-standard-node-env
   ▲ Next.js 15.5.19
   - Environments: .env.local

   Creating an optimized production build ...
 ✓ Compiled successfully in 12.4s
   Skipping linting
   Checking validity of types ...
   Collecting page data ...
unhandledRejection Error: Cannot find module './611.js'
Require stack:
- /app/applet/.next/server/webpack-runtime.js
- /app/applet/.next/server/pages/_document.js
- /app/applet/node_modules/next/dist/server/require.js
- /app/applet/node_modules/next/dist/server/load-components.js
- /app/applet/node_modules/next/dist/build/utils.js
- /app/applet/node_modules/next/dist/build/worker.js
- /app/applet/node_modules/next/dist/compiled/jest-worker/processChild.js
    at __webpack_require__.f.require (.next/server/webpack-runtime.js:190:28) {
  type: 'Error',
  code: 'MODULE_NOT_FOUND',
  requireStack: [Array]
}
